<?xml version="1.0" encoding="UTF-8"?>
<!-- Generated by org.testng.reporters.JUnitReportReporter -->
<testsuite hostname="SANDESH-LAPTOP" failures="0" tests="2" name="TestNG_Scripts.OpenApplication" time="18.446" errors="0" timestamp="2023-08-05T15:11:10 IST" skipped="0">
  <testcase classname="TestNG_Scripts.OpenApplication" name="openOrange" time="10.005"/>
  <testcase classname="TestNG_Scripts.OpenApplication" name="openFA" time="8.441"/>
</testsuite> <!-- TestNG_Scripts.OpenApplication -->
