<?xml version="1.0" encoding="UTF-8"?>
<!-- Generated by org.testng.reporters.JUnitReportReporter -->
<testsuite hostname="SANDESH-LAPTOP" failures="0" tests="2" name="TestNG_Scripts.CrossBrwsrTesting" time="20.694" errors="0" timestamp="2023-08-05T17:46:31 IST" skipped="0">
  <testcase classname="TestNG_Scripts.CrossBrwsrTesting" name="f" time="12.552"/>
  <testcase classname="TestNG_Scripts.CrossBrwsrTesting" name="f" time="8.142"/>
</testsuite> <!-- TestNG_Scripts.CrossBrwsrTesting -->
