<?xml version="1.0" encoding="UTF-8"?>
<!-- Generated by org.testng.reporters.JUnitReportReporter -->
<testsuite hostname="SANDESH-LAPTOP" failures="0" tests="2" name="TestNG_Scripts.FirstTestNGScript" time="0.017" errors="0" timestamp="2023-07-22T15:34:12 IST" skipped="0">
  <testcase classname="TestNG_Scripts.FirstTestNGScript" name="f" time="0.010"/>
  <testcase classname="TestNG_Scripts.FirstTestNGScript" name="g" time="0.007"/>
</testsuite> <!-- TestNG_Scripts.FirstTestNGScript -->
