<?xml version="1.0" encoding="UTF-8"?>
<!-- Generated by org.testng.reporters.JUnitReportReporter -->
<testsuite hostname="SANDESH-LAPTOP" failures="0" tests="4" name="TestNG_Scripts.Parameterzation_FA" time="26.265" errors="0" timestamp="2023-08-05T15:58:03 IST" skipped="0">
  <testcase classname="TestNG_Scripts.Parameterzation_FA" name="Login_FA" time="6.870"/>
  <testcase classname="TestNG_Scripts.Parameterzation_FA" name="Login_FA" time="6.508"/>
  <testcase classname="TestNG_Scripts.Parameterzation_FA" name="Login_FA" time="6.619"/>
  <testcase classname="TestNG_Scripts.Parameterzation_FA" name="Login_FA" time="6.268"/>
</testsuite> <!-- TestNG_Scripts.Parameterzation_FA -->
