<?xml version="1.0" encoding="UTF-8"?>
<!-- Generated by org.testng.reporters.JUnitReportReporter -->
<testsuite hostname="SANDESH-LAPTOP" failures="0" tests="1" name="TestNG_Scripts.DemoTestNGScript" time="0.013" errors="0" timestamp="2023-07-29T15:06:36 IST" skipped="0">
  <testcase classname="TestNG_Scripts.DemoTestNGScript" name="f" time="0.013"/>
</testsuite> <!-- TestNG_Scripts.DemoTestNGScript -->
