<?xml version="1.0" encoding="UTF-8"?>
<!-- Generated by org.testng.reporters.JUnitReportReporter -->
<testsuite hostname="SANDESH-LAPTOP" failures="0" tests="2" name="TestNG_Scripts.Multiple_Menus" time="3.453" errors="0" timestamp="2023-08-05T15:11:10 IST" skipped="0">
  <testcase classname="TestNG_Scripts.Multiple_Menus" name="openMenuPerformance" time="1.485"/>
  <testcase classname="TestNG_Scripts.Multiple_Menus" name="openMenuLeave" time="1.968"/>
</testsuite> <!-- TestNG_Scripts.Multiple_Menus -->
