<?xml version="1.0" encoding="UTF-8"?>
<!-- Generated by org.testng.reporters.JUnitReportReporter -->
<testsuite hostname="SANDESH-LAPTOP" failures="0" tests="3" name="TestNG_Scripts.DataproviderDemo" time="0.020" errors="0" timestamp="2023-08-05T15:22:09 IST" skipped="0">
  <testcase classname="TestNG_Scripts.DataproviderDemo" name="f" time="0.014"/>
  <testcase classname="TestNG_Scripts.DataproviderDemo" name="f" time="0.005"/>
  <testcase classname="TestNG_Scripts.DataproviderDemo" name="f" time="0.001"/>
</testsuite> <!-- TestNG_Scripts.DataproviderDemo -->
